#
# A fatal error has been detected by the Java Runtime Environment:
#
#  EXCEPTION_ACCESS_VIOLATION (0xc0000005) at pc=0x76d59b60, pid=3588, tid=4452
#
# JRE version: Java(TM) SE Runtime Environment (7.0_45-b18) (build 1.7.0_45-b18)
# Java VM: Java HotSpot(TM) Client VM (24.45-b08 mixed mode, sharing windows-x86 )
# Problematic frame:
# C  [msvcrt.dll+0x9b60]
#
# Failed to write core dump. Minidumps are not enabled by default on client versions of Windows
#
# If you would like to submit a bug report, please visit:
#   http://bugreport.sun.com/bugreport/crash.jsp
# The crash happened outside the Java Virtual Machine in native code.
# See problematic frame for where to report the bug.
#

---------------  T H R E A D  ---------------

Current thread (0x05020400):  JavaThread "LWJGL Application" [_thread_in_native, id=4452, stack(0x05240000,0x05290000)]

siginfo: ExceptionCode=0xc0000005, writing address 0x00000000

Registers:
EAX=0x24383024, EBX=0x05020530, ECX=0x00000720, EDX=0x00000000
ESP=0x0528f760, EBP=0x0528f768, ESI=0x243813a4, EDI=0x00000000
EIP=0x76d59b60, EFLAGS=0x00010216

Top of Stack: (sp=0x0528f760)
0x0528f760:   0528f7b8 243813a4 00000000 6ceec2b3
0x0528f770:   00000000 243813a4 00001c80 2437b238
0x0528f780:   0528f7b0 05020400 0528f7c8 2437b960
0x0528f790:   0528f7c0 05020400 0528f7d8 026b8819
0x0528f7a0:   05020530 0528f7c0 0528f7b8 0528f7bc
0x0528f7b0:   00000720 00000000 24381398 2437b960
0x0528f7c0:   29a97760 06686fa0 014a0000 00000000
0x0528f7d0:   06c5d870 00000000 0528fa8c 026b8a58 

Instructions: (pc=0x76d59b60)
0x76d59b40:   8b 45 08 5e 5f c9 c3 8a 46 03 88 47 03 8a 46 02
0x76d59b50:   88 47 02 8a 46 01 88 47 01 8b 45 08 5e 5f c9 c3
0x76d59b60:   f3 a5 ff 24 95 b8 99 d5 76 8a 06 88 07 8a 46 01
0x76d59b70:   88 47 01 8b 45 08 5e 5f c9 c3 83 3d 44 00 df 76 


Register to memory mapping:

EAX=
[error occurred during error reporting (printing register info), id 0xc0000005]

Stack: [0x05240000,0x05290000],  sp=0x0528f760,  free space=317k
Native frames: (J=compiled Java code, j=interpreted, Vv=VM code, C=native code)
C  [msvcrt.dll+0x9b60]

Java frames: (J=compiled Java code, j=interpreted, Vv=VM code)
J  com.badlogic.gdx.utils.BufferUtils.copyJni([FLjava/nio/Buffer;II)V
J  com.badlogic.gdx.utils.BufferUtils.copy([FLjava/nio/Buffer;II)V
J  com.badlogic.gdx.graphics.glutils.VertexBufferObject.setVertices([FII)V
J  com.badlogic.gdx.graphics.glutils.ImmediateModeRenderer20.end()V
J  com.a7m5.chess.ChessGame3D.render()V
j  com.badlogic.gdx.backends.lwjgl.LwjglApplication.mainLoop()V+642
j  com.badlogic.gdx.backends.lwjgl.LwjglApplication$1.run()V+27
v  ~StubRoutines::call_stub

---------------  P R O C E S S  ---------------

Java Threads: ( => current thread )
  0x069ee800 JavaThread "LWJGL Timer" daemon [_thread_blocked, id=4112, stack(0x05090000,0x050e0000)]
  0x0685cc00 JavaThread "Thread-5" [_thread_in_native, id=264, stack(0x060e0000,0x06130000)]
=>0x05020400 JavaThread "LWJGL Application" [_thread_in_native, id=4452, stack(0x05240000,0x05290000)]
  0x04f31c00 JavaThread "TimerQueue" daemon [_thread_blocked, id=5056, stack(0x04770000,0x047c0000)]
  0x00d7c400 JavaThread "DestroyJavaVM" [_thread_blocked, id=2404, stack(0x00ce0000,0x00d30000)]
  0x00cd6800 JavaThread "AWT-EventQueue-0" [_thread_blocked, id=4140, stack(0x04de0000,0x04e30000)]
  0x00cd6000 JavaThread "AWT-Windows" daemon [_thread_in_native, id=4376, stack(0x04c30000,0x04c80000)]
  0x00cd5c00 JavaThread "AWT-Shutdown" [_thread_blocked, id=2300, stack(0x04bb0000,0x04c00000)]
  0x00cd3400 JavaThread "Java2D Disposer" daemon [_thread_blocked, id=6088, stack(0x04600000,0x04650000)]
  0x00c9bc00 JavaThread "Service Thread" daemon [_thread_blocked, id=5544, stack(0x048c0000,0x04910000)]
  0x00c97000 JavaThread "C1 CompilerThread0" daemon [_thread_blocked, id=544, stack(0x010a0000,0x010f0000)]
  0x00c95c00 JavaThread "Attach Listener" daemon [_thread_blocked, id=1236, stack(0x04650000,0x046a0000)]
  0x00c90800 JavaThread "Signal Dispatcher" daemon [_thread_blocked, id=2392, stack(0x01040000,0x01090000)]
  0x00c1f800 JavaThread "Finalizer" daemon [_thread_blocked, id=3388, stack(0x00f80000,0x00fd0000)]
  0x00c1e000 JavaThread "Reference Handler" daemon [_thread_blocked, id=2416, stack(0x010f0000,0x01140000)]

Other Threads:
  0x00c1c800 VMThread [stack: 0x00fe0000,0x01030000] [id=5580]
  0x00cb9000 WatcherThread [stack: 0x047c0000,0x04810000] [id=5988]

VM state:not at safepoint (normal execution)

VM Mutex/Monitor currently owned by a thread: None

Heap
 def new generation   total 8064K, used 1297K [0x24300000, 0x24bc0000, 0x29850000)
  eden space 7168K,   8% used [0x24300000, 0x24394c28, 0x24a00000)
  from space 896K,  78% used [0x24ae0000, 0x24b8fa28, 0x24bc0000)
  to   space 896K,   0% used [0x24a00000, 0x24a00000, 0x24ae0000)
 tenured generation   total 17804K, used 16409K [0x29850000, 0x2a9b3000, 0x34300000)
   the space 17804K,  92% used [0x29850000, 0x2a856778, 0x2a856800, 0x2a9b3000)
 compacting perm gen  total 12288K, used 4071K [0x34300000, 0x34f00000, 0x38300000)
   the space 12288K,  33% used [0x34300000, 0x346f9c80, 0x346f9e00, 0x34f00000)
    ro space 10240K,  41% used [0x38300000, 0x38731a78, 0x38731c00, 0x38d00000)
    rw space 12288K,  52% used [0x38d00000, 0x393462c0, 0x39346400, 0x39900000)

Card table byte_map: [0x00d80000,0x00e30000] byte_map_base: 0x00c5e800

Polling page: 0x00170000

Code Cache  [0x025a0000, 0x02788000, 0x045a0000)
 total_blobs=1192 nmethods=851 adapters=278 free_code_cache=30840Kb largest_free_block=31580288

Compilation events (10 events):
Event: 46.786 Thread 0x00c97000  846             org.lwjgl.opengl.WindowsMouse::handleMouseMoved (109 bytes)
Event: 46.787 Thread 0x00c97000 nmethod 846 0x02780ac8 code [0x02780be0, 0x02780d94]
Event: 46.967 Thread 0x00c97000  847             java.io.ObjectOutputStream$BlockDataOutputStream::write (152 bytes)
Event: 46.968 Thread 0x00c97000 nmethod 847 0x02780e88 code [0x02780fd0, 0x02781298]
Event: 48.852 Thread 0x00c97000  849             com.badlogic.gdx.math.Plane::getNormal (5 bytes)
Event: 48.853 Thread 0x00c97000 nmethod 849 0x02781688 code [0x02781780, 0x02781800]
Event: 51.481 Thread 0x00c97000  850             java.util.Arrays::copyOf (47 bytes)
Event: 51.481 Thread 0x00c97000 nmethod 850 0x02781848 code [0x02781970, 0x02781c14]
Event: 52.114 Thread 0x00c97000  851             org.lwjgl.opengl.WindowsDisplay::transformY (34 bytes)
Event: 52.115 Thread 0x00c97000 nmethod 851 0x02781d48 code [0x02781e50, 0x02781f18]

GC Heap History (10 events):
Event: 49.973 GC heap before
{Heap before GC invocations=57 (full 1):
 def new generation   total 8064K, used 7789K [0x24300000, 0x24bc0000, 0x29850000)
  eden space 7168K,  99% used [0x24300000, 0x249eeb38, 0x24a00000)
  from space 896K,  77% used [0x24a00000, 0x24aac9c8, 0x24ae0000)
  to   space 896K,   0% used [0x24ae0000, 0x24ae0000, 0x24bc0000)
 tenured generation   total 17804K, used 14809K [0x29850000, 0x2a9b3000, 0x34300000)
   the space 17804K,  83% used [0x29850000, 0x2a6c64b8, 0x2a6c6600, 0x2a9b3000)
 compacting perm gen  total 12288K, used 4071K [0x34300000, 0x34f00000, 0x38300000)
   the space 12288K,  33% used [0x34300000, 0x346f9c80, 0x346f9e00, 0x34f00000)
    ro space 10240K,  41% used [0x38300000, 0x38731a78, 0x38731c00, 0x38d00000)
    rw space 12288K,  52% used [0x38d00000, 0x393462c0, 0x39346400, 0x39900000)
Event: 49.976 GC heap after
Heap after GC invocations=58 (full 1):
 def new generation   total 8064K, used 686K [0x24300000, 0x24bc0000, 0x29850000)
  eden space 7168K,   0% used [0x24300000, 0x24300000, 0x24a00000)
  from space 896K,  76% used [0x24ae0000, 0x24b8ba68, 0x24bc0000)
  to   space 896K,   0% used [0x24a00000, 0x24a00000, 0x24ae0000)
 tenured generation   total 17804K, used 15130K [0x29850000, 0x2a9b3000, 0x34300000)
   the space 17804K,  84% used [0x29850000, 0x2a716bd8, 0x2a716c00, 0x2a9b3000)
 compacting perm gen  total 12288K, used 4071K [0x34300000, 0x34f00000, 0x38300000)
   the space 12288K,  33% used [0x34300000, 0x346f9c80, 0x346f9e00, 0x34f00000)
    ro space 10240K,  41% used [0x38300000, 0x38731a78, 0x38731c00, 0x38d00000)
    rw space 12288K,  52% used [0x38d00000, 0x393462c0, 0x39346400, 0x39900000)
}
Event: 51.137 GC heap before
{Heap before GC invocations=58 (full 1):
 def new generation   total 8064K, used 7854K [0x24300000, 0x24bc0000, 0x29850000)
  eden space 7168K, 100% used [0x24300000, 0x24a00000, 0x24a00000)
  from space 896K,  76% used [0x24ae0000, 0x24b8ba68, 0x24bc0000)
  to   space 896K,   0% used [0x24a00000, 0x24a00000, 0x24ae0000)
 tenured generation   total 17804K, used 15130K [0x29850000, 0x2a9b3000, 0x34300000)
   the space 17804K,  84% used [0x29850000, 0x2a716bd8, 0x2a716c00, 0x2a9b3000)
 compacting perm gen  total 12288K, used 4071K [0x34300000, 0x34f00000, 0x38300000)
   the space 12288K,  33% used [0x34300000, 0x346f9c80, 0x346f9e00, 0x34f00000)
    ro space 10240K,  41% used [0x38300000, 0x38731a78, 0x38731c00, 0x38d00000)
    rw space 12288K,  52% used [0x38d00000, 0x393462c0, 0x39346400, 0x39900000)
Event: 51.140 GC heap after
Heap after GC invocations=59 (full 1):
 def new generation   total 8064K, used 690K [0x24300000, 0x24bc0000, 0x29850000)
  eden space 7168K,   0% used [0x24300000, 0x24300000, 0x24a00000)
  from space 896K,  77% used [0x24a00000, 0x24aac9d0, 0x24ae0000)
  to   space 896K,   0% used [0x24ae0000, 0x24ae0000, 0x24bc0000)
 tenured generation   total 17804K, used 15446K [0x29850000, 0x2a9b3000, 0x34300000)
   the space 17804K,  86% used [0x29850000, 0x2a765818, 0x2a765a00, 0x2a9b3000)
 compacting perm gen  total 12288K, used 4071K [0x34300000, 0x34f00000, 0x38300000)
   the space 12288K,  33% used [0x34300000, 0x346f9c80, 0x346f9e00, 0x34f00000)
    ro space 10240K,  41% used [0x38300000, 0x38731a78, 0x38731c00, 0x38d00000)
    rw space 12288K,  52% used [0x38d00000, 0x393462c0, 0x39346400, 0x39900000)
}
Event: 52.317 GC heap before
{Heap before GC invocations=59 (full 1):
 def new generation   total 8064K, used 7831K [0x24300000, 0x24bc0000, 0x29850000)
  eden space 7168K,  99% used [0x24300000, 0x249f95e8, 0x24a00000)
  from space 896K,  77% used [0x24a00000, 0x24aac9d0, 0x24ae0000)
  to   space 896K,   0% used [0x24ae0000, 0x24ae0000, 0x24bc0000)
 tenured generation   total 17804K, used 15446K [0x29850000, 0x2a9b3000, 0x34300000)
   the space 17804K,  86% used [0x29850000, 0x2a765818, 0x2a765a00, 0x2a9b3000)
 compacting perm gen  total 12288K, used 4071K [0x34300000, 0x34f00000, 0x38300000)
   the space 12288K,  33% used [0x34300000, 0x346f9c80, 0x346f9e00, 0x34f00000)
    ro space 10240K,  41% used [0x38300000, 0x38731a78, 0x38731c00, 0x38d00000)
    rw space 12288K,  52% used [0x38d00000, 0x393462c0, 0x39346400, 0x39900000)
Event: 52.319 GC heap after
Heap after GC invocations=60 (full 1):
 def new generation   total 8064K, used 701K [0x24300000, 0x24bc0000, 0x29850000)
  eden space 7168K,   0% used [0x24300000, 0x24300000, 0x24a00000)
  from space 896K,  78% used [0x24ae0000, 0x24b8f408, 0x24bc0000)
  to   space 896K,   0% used [0x24a00000, 0x24a00000, 0x24ae0000)
 tenured generation   total 17804K, used 15763K [0x29850000, 0x2a9b3000, 0x34300000)
   the space 17804K,  88% used [0x29850000, 0x2a7b4fd8, 0x2a7b5000, 0x2a9b3000)
 compacting perm gen  total 12288K, used 4071K [0x34300000, 0x34f00000, 0x38300000)
   the space 12288K,  33% used [0x34300000, 0x346f9c80, 0x346f9e00, 0x34f00000)
    ro space 10240K,  41% used [0x38300000, 0x38731a78, 0x38731c00, 0x38d00000)
    rw space 12288K,  52% used [0x38d00000, 0x393462c0, 0x39346400, 0x39900000)
}
Event: 53.497 GC heap before
{Heap before GC invocations=60 (full 1):
 def new generation   total 8064K, used 7838K [0x24300000, 0x24bc0000, 0x29850000)
  eden space 7168K,  99% used [0x24300000, 0x249f85f0, 0x24a00000)
  from space 896K,  78% used [0x24ae0000, 0x24b8f408, 0x24bc0000)
  to   space 896K,   0% used [0x24a00000, 0x24a00000, 0x24ae0000)
 tenured generation   total 17804K, used 15763K [0x29850000, 0x2a9b3000, 0x34300000)
   the space 17804K,  88% used [0x29850000, 0x2a7b4fd8, 0x2a7b5000, 0x2a9b3000)
 compacting perm gen  total 12288K, used 4071K [0x34300000, 0x34f00000, 0x38300000)
   the space 12288K,  33% used [0x34300000, 0x346f9c80, 0x346f9e00, 0x34f00000)
    ro space 10240K,  41% used [0x38300000, 0x38731a78, 0x38731c00, 0x38d00000)
    rw space 12288K,  52% used [0x38d00000, 0x393462c0, 0x39346400, 0x39900000)
Event: 53.500 GC heap after
Heap after GC invocations=61 (full 1):
 def new generation   total 8064K, used 705K [0x24300000, 0x24bc0000, 0x29850000)
  eden space 7168K,   0% used [0x24300000, 0x24300000, 0x24a00000)
  from space 896K,  78% used [0x24a00000, 0x24ab0528, 0x24ae0000)
  to   space 896K,   0% used [0x24ae0000, 0x24ae0000, 0x24bc0000)
 tenured generation   total 17804K, used 16083K [0x29850000, 0x2a9b3000, 0x34300000)
   the space 17804K,  90% used [0x29850000, 0x2a804c78, 0x2a804e00, 0x2a9b3000)
 compacting perm gen  total 12288K, used 4071K [0x34300000, 0x34f00000, 0x38300000)
   the space 12288K,  33% used [0x34300000, 0x346f9c80, 0x346f9e00, 0x34f00000)
    ro space 10240K,  41% used [0x38300000, 0x38731a78, 0x38731c00, 0x38d00000)
    rw space 12288K,  52% used [0x38d00000, 0x393462c0, 0x39346400, 0x39900000)
}
Event: 54.679 GC heap before
{Heap before GC invocations=61 (full 1):
 def new generation   total 8064K, used 7815K [0x24300000, 0x24bc0000, 0x29850000)
  eden space 7168K,  99% used [0x24300000, 0x249f1870, 0x24a00000)
  from space 896K,  78% used [0x24a00000, 0x24ab0528, 0x24ae0000)
  to   space 896K,   0% used [0x24ae0000, 0x24ae0000, 0x24bc0000)
 tenured generation   total 17804K, used 16083K [0x29850000, 0x2a9b3000, 0x34300000)
   the space 17804K,  90% used [0x29850000, 0x2a804c78, 0x2a804e00, 0x2a9b3000)
 compacting perm gen  total 12288K, used 4071K [0x34300000, 0x34f00000, 0x38300000)
   the space 12288K,  33% used [0x34300000, 0x346f9c80, 0x346f9e00, 0x34f00000)
    ro space 10240K,  41% used [0x38300000, 0x38731a78, 0x38731c00, 0x38d00000)
    rw space 12288K,  52% used [0x38d00000, 0x393462c0, 0x39346400, 0x39900000)
Event: 54.681 GC heap after
Heap after GC invocations=62 (full 1):
 def new generation   total 8064K, used 702K [0x24300000, 0x24bc0000, 0x29850000)
  eden space 7168K,   0% used [0x24300000, 0x24300000, 0x24a00000)
  from space 896K,  78% used [0x24ae0000, 0x24b8fa28, 0x24bc0000)
  to   space 896K,   0% used [0x24a00000, 0x24a00000, 0x24ae0000)
 tenured generation   total 17804K, used 16409K [0x29850000, 0x2a9b3000, 0x34300000)
   the space 17804K,  92% used [0x29850000, 0x2a856778, 0x2a856800, 0x2a9b3000)
 compacting perm gen  total 12288K, used 4071K [0x34300000, 0x34f00000, 0x38300000)
   the space 12288K,  33% used [0x34300000, 0x346f9c80, 0x346f9e00, 0x34f00000)
    ro space 10240K,  41% used [0x38300000, 0x38731a78, 0x38731c00, 0x38d00000)
    rw space 12288K,  52% used [0x38d00000, 0x393462c0, 0x39346400, 0x39900000)
}

Deoptimization events (0 events):
No events

Internal exceptions (10 events):
Event: 49.578 Thread 0x05020400 Threw 0x247968e0 at C:\re\jdk7u45\229\hotspot\src\share\vm\runtime\sharedRuntime.cpp:591
Event: 49.578 Thread 0x05020400 Threw 0x24796b18 at C:\re\jdk7u45\229\hotspot\src\share\vm\runtime\sharedRuntime.cpp:591
Event: 49.578 Thread 0x05020400 Threw 0x24796d90 at C:\re\jdk7u45\229\hotspot\src\share\vm\runtime\sharedRuntime.cpp:591
Event: 49.578 Thread 0x05020400 Threw 0x24796f18 at C:\re\jdk7u45\229\hotspot\src\share\vm\runtime\sharedRuntime.cpp:591
Event: 49.595 Thread 0x05020400 Threw 0x247afac0 at C:\re\jdk7u45\229\hotspot\src\share\vm\runtime\sharedRuntime.cpp:591
Event: 49.595 Thread 0x05020400 Threw 0x247afd70 at C:\re\jdk7u45\229\hotspot\src\share\vm\runtime\sharedRuntime.cpp:591
Event: 49.595 Thread 0x05020400 Threw 0x247afef8 at C:\re\jdk7u45\229\hotspot\src\share\vm\runtime\sharedRuntime.cpp:591
Event: 49.595 Thread 0x05020400 Threw 0x247b0130 at C:\re\jdk7u45\229\hotspot\src\share\vm\runtime\sharedRuntime.cpp:591
Event: 49.595 Thread 0x05020400 Threw 0x247b03a8 at C:\re\jdk7u45\229\hotspot\src\share\vm\runtime\sharedRuntime.cpp:591
Event: 49.595 Thread 0x05020400 Threw 0x247b0530 at C:\re\jdk7u45\229\hotspot\src\share\vm\runtime\sharedRuntime.cpp:591

Events (10 events):
Event: 49.973 Executing VM operation: GenCollectForAllocation
Event: 49.976 Executing VM operation: GenCollectForAllocation done
Event: 51.137 Executing VM operation: GenCollectForAllocation
Event: 51.140 Executing VM operation: GenCollectForAllocation done
Event: 52.317 Executing VM operation: GenCollectForAllocation
Event: 52.319 Executing VM operation: GenCollectForAllocation done
Event: 53.497 Executing VM operation: GenCollectForAllocation
Event: 53.500 Executing VM operation: GenCollectForAllocation done
Event: 54.679 Executing VM operation: GenCollectForAllocation
Event: 54.681 Executing VM operation: GenCollectForAllocation done


Dynamic libraries:
0x01170000 - 0x0119f000 	C:\Program Files (x86)\Java\jre7\bin\javaw.exe
0x77cf0000 - 0x77e70000 	C:\Windows\SysWOW64\ntdll.dll
0x77160000 - 0x77270000 	C:\Windows\syswow64\kernel32.dll
0x769c0000 - 0x76a07000 	C:\Windows\syswow64\KERNELBASE.dll
0x773f0000 - 0x77490000 	C:\Windows\syswow64\ADVAPI32.dll
0x76d50000 - 0x76dfc000 	C:\Windows\syswow64\msvcrt.dll
0x777e0000 - 0x777f9000 	C:\Windows\SysWOW64\sechost.dll
0x77800000 - 0x778f0000 	C:\Windows\syswow64\RPCRT4.dll
0x75710000 - 0x75770000 	C:\Windows\syswow64\SspiCli.dll
0x75700000 - 0x7570c000 	C:\Windows\syswow64\CRYPTBASE.dll
0x75990000 - 0x75a90000 	C:\Windows\syswow64\USER32.dll
0x76a30000 - 0x76ac0000 	C:\Windows\syswow64\GDI32.dll
0x75c10000 - 0x75c1a000 	C:\Windows\syswow64\LPK.dll
0x77490000 - 0x7752d000 	C:\Windows\syswow64\USP10.dll
0x71be0000 - 0x71d7e000 	C:\Windows\WinSxS\x86_microsoft.windows.common-controls_6595b64144ccf1df_6.0.7601.17514_none_41e6975e2bd6f2b2\COMCTL32.dll
0x77770000 - 0x777c7000 	C:\Windows\syswow64\SHLWAPI.dll
0x76e00000 - 0x76e60000 	C:\Windows\system32\IMM32.DLL
0x77090000 - 0x7715c000 	C:\Windows\syswow64\MSCTF.dll
0x73720000 - 0x737df000 	C:\Program Files (x86)\Java\jre7\bin\msvcr100.dll
0x72090000 - 0x72410000 	C:\Program Files (x86)\Java\jre7\bin\client\jvm.dll
0x753a0000 - 0x753a7000 	C:\Windows\system32\WSOCK32.dll
0x77720000 - 0x77755000 	C:\Windows\syswow64\WS2_32.dll
0x77cc0000 - 0x77cc6000 	C:\Windows\syswow64\NSI.dll
0x75330000 - 0x75362000 	C:\Windows\system32\WINMM.dll
0x76d40000 - 0x76d45000 	C:\Windows\syswow64\PSAPI.DLL
0x74630000 - 0x7463c000 	C:\Program Files (x86)\Java\jre7\bin\verify.dll
0x74570000 - 0x74590000 	C:\Program Files (x86)\Java\jre7\bin\java.dll
0x745c0000 - 0x745d3000 	C:\Program Files (x86)\Java\jre7\bin\zip.dll
0x72fc0000 - 0x73103000 	C:\Program Files (x86)\Java\jre7\bin\awt.dll
0x772d0000 - 0x7735f000 	C:\Windows\syswow64\OLEAUT32.dll
0x76be0000 - 0x76d3c000 	C:\Windows\syswow64\ole32.dll
0x71920000 - 0x719a0000 	C:\Windows\system32\uxtheme.dll
0x72410000 - 0x72423000 	C:\Windows\system32\dwmapi.dll
0x75c40000 - 0x7688a000 	C:\Windows\syswow64\SHELL32.dll
0x74530000 - 0x74568000 	C:\Program Files (x86)\Java\jre7\bin\fontmanager.dll
0x74080000 - 0x74094000 	C:\Program Files (x86)\Java\jre7\bin\net.dll
0x75000000 - 0x7503c000 	C:\Windows\system32\mswsock.dll
0x74370000 - 0x74376000 	C:\Windows\System32\wship6.dll
0x746c0000 - 0x746cf000 	C:\Program Files (x86)\Java\jre7\bin\nio.dll
0x74600000 - 0x74630000 	C:\Program Files (x86)\Java\jre7\bin\t2k.dll
0x77360000 - 0x773e3000 	C:\Windows\syswow64\CLBCatQ.DLL
0x72e10000 - 0x72f40000 	C:\Windows\system32\WindowsCodecs.dll
0x72a20000 - 0x72a6c000 	C:\Windows\system32\apphelp.dll
0x72700000 - 0x72722000 	C:\Users\Peter\AppData\Roaming\Dropbox\bin\DropboxExt.22.dll
0x73110000 - 0x731fb000 	C:\Windows\system32\dbghelp.dll
0x74290000 - 0x7431e000 	C:\Windows\WinSxS\x86_microsoft.vc90.crt_1fc8b3b9a1e18e3b_9.0.30729.6161_none_50934f2ebcb7eb57\MSVCP90.dll
0x73ee0000 - 0x73f83000 	C:\Windows\WinSxS\x86_microsoft.vc90.crt_1fc8b3b9a1e18e3b_9.0.30729.6161_none_50934f2ebcb7eb57\MSVCR90.dll
0x72590000 - 0x725c1000 	C:\Windows\system32\EhStorShell.dll
0x77580000 - 0x7771d000 	C:\Windows\syswow64\SETUPAPI.dll
0x75ac0000 - 0x75ae7000 	C:\Windows\syswow64\CFGMGR32.dll
0x75c20000 - 0x75c32000 	C:\Windows\syswow64\DEVOBJ.dll
0x71ae0000 - 0x71bd5000 	C:\Windows\system32\PROPSYS.dll
0x735a0000 - 0x73610000 	C:\Windows\system32\ntshrui.dll
0x72440000 - 0x72459000 	C:\Windows\system32\srvcli.dll
0x72490000 - 0x7249b000 	C:\Windows\system32\cscapi.dll
0x746f0000 - 0x746fa000 	C:\Windows\system32\slc.dll
0x6cec0000 - 0x6cf42000 	C:\Users\Peter\AppData\Local\Temp\libgdxPeter\6df0928e\gdx.dll
0x10000000 - 0x1004c000 	C:\Users\Peter\AppData\Local\Temp\libgdxPeter\52d76f2b\lwjgl.dll
0x73650000 - 0x73718000 	C:\Windows\system32\OPENGL32.dll
0x74640000 - 0x74662000 	C:\Windows\system32\GLU32.dll
0x72be0000 - 0x72cc7000 	C:\Windows\system32\DDRAW.dll
0x74770000 - 0x74776000 	C:\Windows\system32\DCIMAN32.dll
0x754e0000 - 0x754e9000 	C:\Windows\system32\VERSION.dll
0x051b0000 - 0x05215000 	C:\Users\Peter\AppData\Local\Temp\libgdxPeter\52d76f2b\OpenAL32.dll
0x744f0000 - 0x74529000 	C:\Windows\System32\MMDevApi.dll
0x73830000 - 0x738a2000 	C:\Windows\system32\dsound.dll
0x74590000 - 0x745b5000 	C:\Windows\system32\POWRPROF.dll
0x744b0000 - 0x744e6000 	C:\Windows\system32\AUDIOSES.DLL
0x06c30000 - 0x079f1000 	C:\Windows\system32\ig4icd32.dll
0x72f40000 - 0x72fb9000 	C:\Windows\system32\mscms.dll
0x75070000 - 0x75087000 	C:\Windows\system32\USERENV.dll
0x750d0000 - 0x750db000 	C:\Windows\system32\profapi.dll
0x73610000 - 0x73648000 	C:\Windows\system32\icm32.dll

VM Arguments:
jvm_args: -Dfile.encoding=Cp1252 
java_command: com.a7m5.chess.MainMenu
Launcher Type: SUN_STANDARD

Environment Variables:
CLASSPATH=.;C:\Program Files (x86)\Java\jre7\lib\ext\QTJava.zip
PATH=C:/Program Files (x86)/Java/jre7/bin/client;C:/Program Files (x86)/Java/jre7/bin;C:/Program Files (x86)/Java/jre7/lib/i386;C:\Program Files (x86)\NVIDIA Corporation\PhysX\Common;C:\Program Files (x86)\Common Files\Intel\Shared Files\cpp\bin\Intel64;C:\Windows\system32;C:\Windows;C:\Windows\System32\Wbem;C:\Windows\System32\WindowsPowerShell\v1.0\;C:\Program Files (x86)\QuickTime\QTSystem\;C:\CooCox\CoIDE\gcc\bin;C:\Tcl\bin;C:\Program Files (x86)\NVIDIA Corporation\PhysX\Common;C:\Program Files (x86)\Common Files\Intel\Shared Files\cpp\bin\Intel64;C:\Windows\system32;C:\Windows;C:\Windows\System32\Wbem;C:\Windows\System32\WindowsPowerShell\v1.0\;C:\Program Files (x86)\QuickTime\QTSystem\;C:\CooCox\CoIDE\gcc\bin;C:\Users\Peter\Dropbox\eclipse;
USERNAME=Peter
OS=Windows_NT
PROCESSOR_IDENTIFIER=Intel64 Family 6 Model 42 Stepping 7, GenuineIntel



---------------  S Y S T E M  ---------------

OS: Windows 7 , 64 bit Build 7601 Service Pack 1

CPU:total 4 (2 cores per cpu, 2 threads per core) family 6 model 42 stepping 7, cmov, cx8, fxsr, mmx, sse, sse2, sse3, ssse3, sse4.1, sse4.2, popcnt, avx, ht, tsc, tscinvbit

Memory: 4k page, physical 8335216k(4781724k free), swap 16668568k(12459320k free)

vm_info: Java HotSpot(TM) Client VM (24.45-b08) for windows-x86 JRE (1.7.0_45-b18), built on Oct  8 2013 06:02:43 by "java_re" with unknown MS VC++:1600

time: Sat Mar 08 14:31:33 2014
elapsed time: 54 seconds

