#
# A fatal error has been detected by the Java Runtime Environment:
#
#  EXCEPTION_ACCESS_VIOLATION (0xc0000005) at pc=0x077447c0, pid=4832, tid=1548
#
# JRE version: Java(TM) SE Runtime Environment (7.0_45-b18) (build 1.7.0_45-b18)
# Java VM: Java HotSpot(TM) Client VM (24.45-b08 mixed mode, sharing windows-x86 )
# Problematic frame:
# C  [ig4icd32.dll+0xaa47c0]
#
# Failed to write core dump. Minidumps are not enabled by default on client versions of Windows
#
# If you would like to submit a bug report, please visit:
#   http://bugreport.sun.com/bugreport/crash.jsp
# The crash happened outside the Java Virtual Machine in native code.
# See problematic frame for where to report the bug.
#

---------------  T H R E A D  ---------------

Current thread (0x00917c00):  JavaThread "LWJGL Application" [_thread_in_native, id=1548, stack(0x06c50000,0x06ca0000)]

siginfo: ExceptionCode=0xc0000005, writing address 0x00000010

Registers:
EAX=0x00000010, EBX=0x06c9ee38, ECX=0x00000210, EDX=0x00000010
ESP=0x06c9eca0, EBP=0x06c9eca4, ESI=0x75506540, EDI=0x00000010
EIP=0x077447c0, EFLAGS=0x00010202

Top of Stack: (sp=0x06c9eca0)
0x06c9eca0:   00000000 06c9ecc4 0774482d 00000010
0x06c9ecb0:   00010800 00000010 00000010 00000010
0x06c9ecc0:   00000000 7d1228dc 0704f964 00000010
0x06c9ecd0:   00000000 00010810 7d1228dc 07a7005c
0x06c9ece0:   0a5ab8b8 00000000 75506540 06c9ed38
0x06c9ecf0:   769d4e55 00320000 00100000 769d4f98
0x06c9ed00:   91a2580e 00000011 00000051 06c9ee5c
0x06c9ed10:   0777223f 00000004 07053837 07a7005c 

Instructions: (pc=0x077447c0)
0x077447a0:   55 8b ec 83 ec 04 89 7d fc 8b 7d 08 8b 4d 0c c1
0x077447b0:   e9 07 66 0f ef c0 eb 08 8d a4 24 00 00 00 00 90
0x077447c0:   66 0f 7f 07 66 0f 7f 47 10 66 0f 7f 47 20 66 0f
0x077447d0:   7f 47 30 66 0f 7f 47 40 66 0f 7f 47 50 66 0f 7f 


Register to memory mapping:

EAX=0x00000010 is an unknown value
EBX=0x06c9ee38 is pointing into the stack for thread: 0x00917c00
ECX=0x00000210 is an unknown value
EDX=0x00000010 is an unknown value
ESP=0x06c9eca0 is pointing into the stack for thread: 0x00917c00
EBP=0x06c9eca4 is pointing into the stack for thread: 0x00917c00
ESI=0x75506540 is an unknown value
EDI=0x00000010 is an unknown value


Stack: [0x06c50000,0x06ca0000],  sp=0x06c9eca0,  free space=315k
Native frames: (J=compiled Java code, j=interpreted, Vv=VM code, C=native code)
C  [ig4icd32.dll+0xaa47c0]
C  [ig4icd32.dll+0xaa482d]

Java frames: (J=compiled Java code, j=interpreted, Vv=VM code)
J  org.lwjgl.opengl.GL20.nglLinkProgram(IJ)V
J  com.badlogic.gdx.graphics.glutils.ShaderProgram.linkProgram()I
J  com.badlogic.gdx.graphics.glutils.ShaderProgram.compileShaders(Ljava/lang/String;Ljava/lang/String;)V
J  com.badlogic.gdx.graphics.glutils.ShaderProgram.<init>(Ljava/lang/String;Ljava/lang/String;)V
J  com.badlogic.gdx.graphics.glutils.ShapeRenderer.<init>(I)V
J  com.a7m5.chess.ChessGame3D.render()V
j  com.badlogic.gdx.backends.lwjgl.LwjglApplication.mainLoop()V+642
j  com.badlogic.gdx.backends.lwjgl.LwjglApplication$1.run()V+27
v  ~StubRoutines::call_stub

---------------  P R O C E S S  ---------------

Java Threads: ( => current thread )
  0x00919000 JavaThread "LWJGL Timer" daemon [_thread_blocked, id=4204, stack(0x09680000,0x096d0000)]
  0x00918c00 JavaThread "Thread-6" [_thread_in_native, id=4760, stack(0x09490000,0x094e0000)]
  0x00918400 JavaThread "Thread-5" [_thread_in_native, id=4224, stack(0x094f0000,0x09540000)]
=>0x00917c00 JavaThread "LWJGL Application" [_thread_in_native, id=1548, stack(0x06c50000,0x06ca0000)]
  0x00917800 JavaThread "Thread-3" [_thread_in_native, id=6052, stack(0x053e0000,0x05430000)]
  0x00917000 JavaThread "TimerQueue" daemon [_thread_blocked, id=5516, stack(0x04fd0000,0x05020000)]
  0x00916c00 JavaThread "DestroyJavaVM" [_thread_blocked, id=1516, stack(0x00450000,0x004a0000)]
  0x00916400 JavaThread "AWT-EventQueue-0" [_thread_blocked, id=1740, stack(0x04e00000,0x04e50000)]
  0x00916000 JavaThread "AWT-Windows" daemon [_thread_in_native, id=4968, stack(0x04d80000,0x04dd0000)]
  0x00915800 JavaThread "AWT-Shutdown" [_thread_blocked, id=4688, stack(0x047b0000,0x04800000)]
  0x00915000 JavaThread "Java2D Disposer" daemon [_thread_blocked, id=5052, stack(0x04990000,0x049e0000)]
  0x008dbc00 JavaThread "Service Thread" daemon [_thread_blocked, id=5984, stack(0x04870000,0x048c0000)]
  0x008d7000 JavaThread "C1 CompilerThread0" daemon [_thread_blocked, id=2388, stack(0x01100000,0x01150000)]
  0x008d5c00 JavaThread "Attach Listener" daemon [_thread_blocked, id=5152, stack(0x04760000,0x047b0000)]
  0x008d0800 JavaThread "Signal Dispatcher" daemon [_thread_blocked, id=5592, stack(0x00f80000,0x00fd0000)]
  0x0085f800 JavaThread "Finalizer" daemon [_thread_blocked, id=5480, stack(0x04640000,0x04690000)]
  0x0085e000 JavaThread "Reference Handler" daemon [_thread_blocked, id=2784, stack(0x00da0000,0x00df0000)]

Other Threads:
  0x0085c800 VMThread [stack: 0x00f30000,0x00f80000] [id=5276]
  0x008f5400 WatcherThread [stack: 0x04a40000,0x04a90000] [id=2952]

VM state:not at safepoint (normal execution)

VM Mutex/Monitor currently owned by a thread: None

Heap
 def new generation   total 8064K, used 3883K [0x24300000, 0x24bb0000, 0x29850000)
  eden space 7232K,  43% used [0x24300000, 0x24618de8, 0x24a10000)
  from space 832K,  85% used [0x24ae0000, 0x24b91f18, 0x24bb0000)
  to   space 832K,   0% used [0x24a10000, 0x24a10000, 0x24ae0000)
 tenured generation   total 17728K, used 16591K [0x29850000, 0x2a9a0000, 0x34300000)
   the space 17728K,  93% used [0x29850000, 0x2a883cc8, 0x2a883e00, 0x2a9a0000)
 compacting perm gen  total 12288K, used 4077K [0x34300000, 0x34f00000, 0x38300000)
   the space 12288K,  33% used [0x34300000, 0x346fb4d0, 0x346fb600, 0x34f00000)
    ro space 10240K,  41% used [0x38300000, 0x38731a78, 0x38731c00, 0x38d00000)
    rw space 12288K,  52% used [0x38d00000, 0x393462c0, 0x39346400, 0x39900000)

Card table byte_map: [0x00c40000,0x00cf0000] byte_map_base: 0x00b1e800

Polling page: 0x001b0000

Code Cache  [0x025a0000, 0x02798000, 0x045a0000)
 total_blobs=1242 nmethods=901 adapters=278 free_code_cache=30772Kb largest_free_block=31511296

Compilation events (10 events):
Event: 55.522 Thread 0x008d7000  897             org.lwjgl.opengl.WindowsMouse::putMouseEventWithCoords (61 bytes)
Event: 55.522 Thread 0x008d7000 nmethod 897 0x02791c88 code [0x02791df0, 0x02791f84]
Event: 55.981 Thread 0x008d7000  898             java.nio.HeapByteBuffer::putLong (21 bytes)
Event: 55.981 Thread 0x008d7000 nmethod 898 0x02792188 code [0x027922a0, 0x027923a4]
Event: 55.981 Thread 0x008d7000  899             java.nio.HeapByteBuffer::getLong (19 bytes)
Event: 55.981 Thread 0x008d7000 nmethod 899 0x02792488 code [0x027925a0, 0x02792684]
Event: 56.046 Thread 0x008d7000  900             com.badlogic.gdx.math.Plane::<init> (46 bytes)
Event: 56.047 Thread 0x008d7000 nmethod 900 0x02792748 code [0x02792860, 0x02792a40]
Event: 56.047 Thread 0x008d7000  901             com.badlogic.gdx.math.Plane::getD (5 bytes)
Event: 56.047 Thread 0x008d7000 nmethod 901 0x02792b48 code [0x02792c40, 0x02792cc0]

GC Heap History (10 events):
Event: 51.052 GC heap before
{Heap before GC invocations=56 (full 1):
 def new generation   total 8064K, used 7911K [0x24300000, 0x24bb0000, 0x29850000)
  eden space 7232K,  99% used [0x24300000, 0x24a03fc0, 0x24a10000)
  from space 832K,  87% used [0x24a10000, 0x24ac5dd0, 0x24ae0000)
  to   space 832K,   0% used [0x24ae0000, 0x24ae0000, 0x24bb0000)
 tenured generation   total 17728K, used 14921K [0x29850000, 0x2a9a0000, 0x34300000)
   the space 17728K,  84% used [0x29850000, 0x2a6e2740, 0x2a6e2800, 0x2a9a0000)
 compacting perm gen  total 12288K, used 4077K [0x34300000, 0x34f00000, 0x38300000)
   the space 12288K,  33% used [0x34300000, 0x346fb4c0, 0x346fb600, 0x34f00000)
    ro space 10240K,  41% used [0x38300000, 0x38731a78, 0x38731c00, 0x38d00000)
    rw space 12288K,  52% used [0x38d00000, 0x393462c0, 0x39346400, 0x39900000)
Event: 51.054 GC heap after
Heap after GC invocations=57 (full 1):
 def new generation   total 8064K, used 727K [0x24300000, 0x24bb0000, 0x29850000)
  eden space 7232K,   0% used [0x24300000, 0x24300000, 0x24a10000)
  from space 832K,  87% used [0x24ae0000, 0x24b95ed8, 0x24bb0000)
  to   space 832K,   0% used [0x24a10000, 0x24a10000, 0x24ae0000)
 tenured generation   total 17728K, used 15261K [0x29850000, 0x2a9a0000, 0x34300000)
   the space 17728K,  86% used [0x29850000, 0x2a7376f8, 0x2a737800, 0x2a9a0000)
 compacting perm gen  total 12288K, used 4077K [0x34300000, 0x34f00000, 0x38300000)
   the space 12288K,  33% used [0x34300000, 0x346fb4c0, 0x346fb600, 0x34f00000)
    ro space 10240K,  41% used [0x38300000, 0x38731a78, 0x38731c00, 0x38d00000)
    rw space 12288K,  52% used [0x38d00000, 0x393462c0, 0x39346400, 0x39900000)
}
Event: 52.233 GC heap before
{Heap before GC invocations=57 (full 1):
 def new generation   total 8064K, used 7912K [0x24300000, 0x24bb0000, 0x29850000)
  eden space 7232K,  99% used [0x24300000, 0x24a042a0, 0x24a10000)
  from space 832K,  87% used [0x24ae0000, 0x24b95ed8, 0x24bb0000)
  to   space 832K,   0% used [0x24a10000, 0x24a10000, 0x24ae0000)
 tenured generation   total 17728K, used 15261K [0x29850000, 0x2a9a0000, 0x34300000)
   the space 17728K,  86% used [0x29850000, 0x2a7376f8, 0x2a737800, 0x2a9a0000)
 compacting perm gen  total 12288K, used 4077K [0x34300000, 0x34f00000, 0x38300000)
   the space 12288K,  33% used [0x34300000, 0x346fb4c0, 0x346fb600, 0x34f00000)
    ro space 10240K,  41% used [0x38300000, 0x38731a78, 0x38731c00, 0x38d00000)
    rw space 12288K,  52% used [0x38d00000, 0x393462c0, 0x39346400, 0x39900000)
Event: 52.236 GC heap after
Heap after GC invocations=58 (full 1):
 def new generation   total 8064K, used 725K [0x24300000, 0x24bb0000, 0x29850000)
  eden space 7232K,   0% used [0x24300000, 0x24300000, 0x24a10000)
  from space 832K,  87% used [0x24a10000, 0x24ac54a8, 0x24ae0000)
  to   space 832K,   0% used [0x24ae0000, 0x24ae0000, 0x24bb0000)
 tenured generation   total 17728K, used 15593K [0x29850000, 0x2a9a0000, 0x34300000)
   the space 17728K,  87% used [0x29850000, 0x2a78a598, 0x2a78a600, 0x2a9a0000)
 compacting perm gen  total 12288K, used 4077K [0x34300000, 0x34f00000, 0x38300000)
   the space 12288K,  33% used [0x34300000, 0x346fb4c0, 0x346fb600, 0x34f00000)
    ro space 10240K,  41% used [0x38300000, 0x38731a78, 0x38731c00, 0x38d00000)
    rw space 12288K,  52% used [0x38d00000, 0x393462c0, 0x39346400, 0x39900000)
}
Event: 53.413 GC heap before
{Heap before GC invocations=58 (full 1):
 def new generation   total 8064K, used 7957K [0x24300000, 0x24bb0000, 0x29850000)
  eden space 7232K, 100% used [0x24300000, 0x24a10000, 0x24a10000)
  from space 832K,  87% used [0x24a10000, 0x24ac54a8, 0x24ae0000)
  to   space 832K,   0% used [0x24ae0000, 0x24ae0000, 0x24bb0000)
 tenured generation   total 17728K, used 15593K [0x29850000, 0x2a9a0000, 0x34300000)
   the space 17728K,  87% used [0x29850000, 0x2a78a598, 0x2a78a600, 0x2a9a0000)
 compacting perm gen  total 12288K, used 4077K [0x34300000, 0x34f00000, 0x38300000)
   the space 12288K,  33% used [0x34300000, 0x346fb4c0, 0x346fb600, 0x34f00000)
    ro space 10240K,  41% used [0x38300000, 0x38731a78, 0x38731c00, 0x38d00000)
    rw space 12288K,  52% used [0x38d00000, 0x393462c0, 0x39346400, 0x39900000)
Event: 53.416 GC heap after
Heap after GC invocations=59 (full 1):
 def new generation   total 8064K, used 711K [0x24300000, 0x24bb0000, 0x29850000)
  eden space 7232K,   0% used [0x24300000, 0x24300000, 0x24a10000)
  from space 832K,  85% used [0x24ae0000, 0x24b91fe8, 0x24bb0000)
  to   space 832K,   0% used [0x24a10000, 0x24a10000, 0x24ae0000)
 tenured generation   total 17728K, used 15934K [0x29850000, 0x2a9a0000, 0x34300000)
   the space 17728K,  89% used [0x29850000, 0x2a7df958, 0x2a7dfa00, 0x2a9a0000)
 compacting perm gen  total 12288K, used 4077K [0x34300000, 0x34f00000, 0x38300000)
   the space 12288K,  33% used [0x34300000, 0x346fb4c0, 0x346fb600, 0x34f00000)
    ro space 10240K,  41% used [0x38300000, 0x38731a78, 0x38731c00, 0x38d00000)
    rw space 12288K,  52% used [0x38d00000, 0x393462c0, 0x39346400, 0x39900000)
}
Event: 54.576 GC heap before
{Heap before GC invocations=59 (full 1):
 def new generation   total 8064K, used 7921K [0x24300000, 0x24bb0000, 0x29850000)
  eden space 7232K,  99% used [0x24300000, 0x24a0a4c8, 0x24a10000)
  from space 832K,  85% used [0x24ae0000, 0x24b91fe8, 0x24bb0000)
  to   space 832K,   0% used [0x24a10000, 0x24a10000, 0x24ae0000)
 tenured generation   total 17728K, used 15934K [0x29850000, 0x2a9a0000, 0x34300000)
   the space 17728K,  89% used [0x29850000, 0x2a7df958, 0x2a7dfa00, 0x2a9a0000)
 compacting perm gen  total 12288K, used 4077K [0x34300000, 0x34f00000, 0x38300000)
   the space 12288K,  33% used [0x34300000, 0x346fb4c0, 0x346fb600, 0x34f00000)
    ro space 10240K,  41% used [0x38300000, 0x38731a78, 0x38731c00, 0x38d00000)
    rw space 12288K,  52% used [0x38d00000, 0x393462c0, 0x39346400, 0x39900000)
Event: 54.579 GC heap after
Heap after GC invocations=60 (full 1):
 def new generation   total 8064K, used 708K [0x24300000, 0x24bb0000, 0x29850000)
  eden space 7232K,   0% used [0x24300000, 0x24300000, 0x24a10000)
  from space 832K,  85% used [0x24a10000, 0x24ac1048, 0x24ae0000)
  to   space 832K,   0% used [0x24ae0000, 0x24ae0000, 0x24bb0000)
 tenured generation   total 17728K, used 16263K [0x29850000, 0x2a9a0000, 0x34300000)
   the space 17728K,  91% used [0x29850000, 0x2a831dc8, 0x2a831e00, 0x2a9a0000)
 compacting perm gen  total 12288K, used 4077K [0x34300000, 0x34f00000, 0x38300000)
   the space 12288K,  33% used [0x34300000, 0x346fb4c0, 0x346fb600, 0x34f00000)
    ro space 10240K,  41% used [0x38300000, 0x38731a78, 0x38731c00, 0x38d00000)
    rw space 12288K,  52% used [0x38d00000, 0x393462c0, 0x39346400, 0x39900000)
}
Event: 55.768 GC heap before
{Heap before GC invocations=60 (full 1):
 def new generation   total 8064K, used 7940K [0x24300000, 0x24bb0000, 0x29850000)
  eden space 7232K, 100% used [0x24300000, 0x24a10000, 0x24a10000)
  from space 832K,  85% used [0x24a10000, 0x24ac1048, 0x24ae0000)
  to   space 832K,   0% used [0x24ae0000, 0x24ae0000, 0x24bb0000)
 tenured generation   total 17728K, used 16263K [0x29850000, 0x2a9a0000, 0x34300000)
   the space 17728K,  91% used [0x29850000, 0x2a831dc8, 0x2a831e00, 0x2a9a0000)
 compacting perm gen  total 12288K, used 4077K [0x34300000, 0x34f00000, 0x38300000)
   the space 12288K,  33% used [0x34300000, 0x346fb4d0, 0x346fb600, 0x34f00000)
    ro space 10240K,  41% used [0x38300000, 0x38731a78, 0x38731c00, 0x38d00000)
    rw space 12288K,  52% used [0x38d00000, 0x393462c0, 0x39346400, 0x39900000)
Event: 55.771 GC heap after
Heap after GC invocations=61 (full 1):
 def new generation   total 8064K, used 711K [0x24300000, 0x24bb0000, 0x29850000)
  eden space 7232K,   0% used [0x24300000, 0x24300000, 0x24a10000)
  from space 832K,  85% used [0x24ae0000, 0x24b91f18, 0x24bb0000)
  to   space 832K,   0% used [0x24a10000, 0x24a10000, 0x24ae0000)
 tenured generation   total 17728K, used 16591K [0x29850000, 0x2a9a0000, 0x34300000)
   the space 17728K,  93% used [0x29850000, 0x2a883cc8, 0x2a883e00, 0x2a9a0000)
 compacting perm gen  total 12288K, used 4077K [0x34300000, 0x34f00000, 0x38300000)
   the space 12288K,  33% used [0x34300000, 0x346fb4d0, 0x346fb600, 0x34f00000)
    ro space 10240K,  41% used [0x38300000, 0x38731a78, 0x38731c00, 0x38d00000)
    rw space 12288K,  52% used [0x38d00000, 0x393462c0, 0x39346400, 0x39900000)
}

Deoptimization events (0 events):
No events

Internal exceptions (10 events):
Event: 53.938 Thread 0x00917c00 Threw 0x2463cdc0 at C:\re\jdk7u45\229\hotspot\src\share\vm\runtime\sharedRuntime.cpp:591
Event: 53.938 Thread 0x00917c00 Threw 0x2463cf90 at C:\re\jdk7u45\229\hotspot\src\share\vm\runtime\sharedRuntime.cpp:591
Event: 53.953 Thread 0x00917c00 Threw 0x24655bc8 at C:\re\jdk7u45\229\hotspot\src\share\vm\runtime\sharedRuntime.cpp:591
Event: 53.953 Thread 0x00917c00 Threw 0x24655e58 at C:\re\jdk7u45\229\hotspot\src\share\vm\runtime\sharedRuntime.cpp:591
Event: 53.953 Thread 0x00917c00 Threw 0x24655fc8 at C:\re\jdk7u45\229\hotspot\src\share\vm\runtime\sharedRuntime.cpp:591
Event: 53.953 Thread 0x00917c00 Threw 0x24656198 at C:\re\jdk7u45\229\hotspot\src\share\vm\runtime\sharedRuntime.cpp:591
Event: 53.953 Thread 0x00917c00 Threw 0x246563d0 at C:\re\jdk7u45\229\hotspot\src\share\vm\runtime\sharedRuntime.cpp:591
Event: 53.953 Thread 0x00917c00 Threw 0x24656660 at C:\re\jdk7u45\229\hotspot\src\share\vm\runtime\sharedRuntime.cpp:591
Event: 53.953 Thread 0x00917c00 Threw 0x246567d0 at C:\re\jdk7u45\229\hotspot\src\share\vm\runtime\sharedRuntime.cpp:591
Event: 53.953 Thread 0x00917c00 Threw 0x246569a0 at C:\re\jdk7u45\229\hotspot\src\share\vm\runtime\sharedRuntime.cpp:591

Events (10 events):
Event: 51.052 Executing VM operation: GenCollectForAllocation
Event: 51.054 Executing VM operation: GenCollectForAllocation done
Event: 52.233 Executing VM operation: GenCollectForAllocation
Event: 52.236 Executing VM operation: GenCollectForAllocation done
Event: 53.413 Executing VM operation: GenCollectForAllocation
Event: 53.416 Executing VM operation: GenCollectForAllocation done
Event: 54.576 Executing VM operation: GenCollectForAllocation
Event: 54.579 Executing VM operation: GenCollectForAllocation done
Event: 55.768 Executing VM operation: GenCollectForAllocation
Event: 55.771 Executing VM operation: GenCollectForAllocation done


Dynamic libraries:
0x01170000 - 0x0119f000 	C:\Program Files (x86)\Java\jre7\bin\javaw.exe
0x77cf0000 - 0x77e70000 	C:\Windows\SysWOW64\ntdll.dll
0x77160000 - 0x77270000 	C:\Windows\syswow64\kernel32.dll
0x769c0000 - 0x76a07000 	C:\Windows\syswow64\KERNELBASE.dll
0x773f0000 - 0x77490000 	C:\Windows\syswow64\ADVAPI32.dll
0x76d50000 - 0x76dfc000 	C:\Windows\syswow64\msvcrt.dll
0x777e0000 - 0x777f9000 	C:\Windows\SysWOW64\sechost.dll
0x77800000 - 0x778f0000 	C:\Windows\syswow64\RPCRT4.dll
0x75710000 - 0x75770000 	C:\Windows\syswow64\SspiCli.dll
0x75700000 - 0x7570c000 	C:\Windows\syswow64\CRYPTBASE.dll
0x75990000 - 0x75a90000 	C:\Windows\syswow64\USER32.dll
0x76a30000 - 0x76ac0000 	C:\Windows\syswow64\GDI32.dll
0x75c10000 - 0x75c1a000 	C:\Windows\syswow64\LPK.dll
0x77490000 - 0x7752d000 	C:\Windows\syswow64\USP10.dll
0x71be0000 - 0x71d7e000 	C:\Windows\WinSxS\x86_microsoft.windows.common-controls_6595b64144ccf1df_6.0.7601.17514_none_41e6975e2bd6f2b2\COMCTL32.dll
0x77770000 - 0x777c7000 	C:\Windows\syswow64\SHLWAPI.dll
0x76e00000 - 0x76e60000 	C:\Windows\system32\IMM32.DLL
0x77090000 - 0x7715c000 	C:\Windows\syswow64\MSCTF.dll
0x73660000 - 0x7371f000 	C:\Program Files (x86)\Java\jre7\bin\msvcr100.dll
0x72090000 - 0x72410000 	C:\Program Files (x86)\Java\jre7\bin\client\jvm.dll
0x753a0000 - 0x753a7000 	C:\Windows\system32\WSOCK32.dll
0x77720000 - 0x77755000 	C:\Windows\syswow64\WS2_32.dll
0x77cc0000 - 0x77cc6000 	C:\Windows\syswow64\NSI.dll
0x75330000 - 0x75362000 	C:\Windows\system32\WINMM.dll
0x76d40000 - 0x76d45000 	C:\Windows\syswow64\PSAPI.DLL
0x74630000 - 0x7463c000 	C:\Program Files (x86)\Java\jre7\bin\verify.dll
0x74570000 - 0x74590000 	C:\Program Files (x86)\Java\jre7\bin\java.dll
0x745c0000 - 0x745d3000 	C:\Program Files (x86)\Java\jre7\bin\zip.dll
0x6f670000 - 0x6f7b3000 	C:\Program Files (x86)\Java\jre7\bin\awt.dll
0x772d0000 - 0x7735f000 	C:\Windows\syswow64\OLEAUT32.dll
0x76be0000 - 0x76d3c000 	C:\Windows\syswow64\ole32.dll
0x71920000 - 0x719a0000 	C:\Windows\system32\uxtheme.dll
0x72410000 - 0x72423000 	C:\Windows\system32\dwmapi.dll
0x75c40000 - 0x7688a000 	C:\Windows\syswow64\SHELL32.dll
0x73870000 - 0x738a8000 	C:\Program Files (x86)\Java\jre7\bin\fontmanager.dll
0x74080000 - 0x74094000 	C:\Program Files (x86)\Java\jre7\bin\net.dll
0x75000000 - 0x7503c000 	C:\Windows\system32\mswsock.dll
0x74370000 - 0x74376000 	C:\Windows\System32\wship6.dll
0x746c0000 - 0x746cf000 	C:\Program Files (x86)\Java\jre7\bin\nio.dll
0x74640000 - 0x74670000 	C:\Program Files (x86)\Java\jre7\bin\t2k.dll
0x77360000 - 0x773e3000 	C:\Windows\syswow64\CLBCatQ.DLL
0x72e10000 - 0x72f40000 	C:\Windows\system32\WindowsCodecs.dll
0x72a20000 - 0x72a6c000 	C:\Windows\system32\apphelp.dll
0x72700000 - 0x72722000 	C:\Users\Peter\AppData\Roaming\Dropbox\bin\DropboxExt.22.dll
0x73110000 - 0x731fb000 	C:\Windows\system32\dbghelp.dll
0x74290000 - 0x7431e000 	C:\Windows\WinSxS\x86_microsoft.vc90.crt_1fc8b3b9a1e18e3b_9.0.30729.6161_none_50934f2ebcb7eb57\MSVCP90.dll
0x73ee0000 - 0x73f83000 	C:\Windows\WinSxS\x86_microsoft.vc90.crt_1fc8b3b9a1e18e3b_9.0.30729.6161_none_50934f2ebcb7eb57\MSVCR90.dll
0x72590000 - 0x725c1000 	C:\Windows\system32\EhStorShell.dll
0x77580000 - 0x7771d000 	C:\Windows\syswow64\SETUPAPI.dll
0x75ac0000 - 0x75ae7000 	C:\Windows\syswow64\CFGMGR32.dll
0x75c20000 - 0x75c32000 	C:\Windows\syswow64\DEVOBJ.dll
0x71ae0000 - 0x71bd5000 	C:\Windows\system32\PROPSYS.dll
0x735a0000 - 0x73610000 	C:\Windows\system32\ntshrui.dll
0x72440000 - 0x72459000 	C:\Windows\system32\srvcli.dll
0x72490000 - 0x7249b000 	C:\Windows\system32\cscapi.dll
0x746f0000 - 0x746fa000 	C:\Windows\system32\slc.dll
0x6cec0000 - 0x6cf42000 	C:\Users\Peter\AppData\Local\Temp\libgdxPeter\6df0928e\gdx.dll
0x10000000 - 0x1004c000 	C:\Users\Peter\AppData\Local\Temp\libgdxPeter\52d76f2b\lwjgl.dll
0x73040000 - 0x73108000 	C:\Windows\system32\OPENGL32.dll
0x74600000 - 0x74622000 	C:\Windows\system32\GLU32.dll
0x71800000 - 0x718e7000 	C:\Windows\system32\DDRAW.dll
0x74560000 - 0x74566000 	C:\Windows\system32\DCIMAN32.dll
0x754e0000 - 0x754e9000 	C:\Windows\system32\VERSION.dll
0x050b0000 - 0x05115000 	C:\Users\Peter\AppData\Local\Temp\libgdxPeter\52d76f2b\OpenAL32.dll
0x744f0000 - 0x74529000 	C:\Windows\System32\MMDevApi.dll
0x73760000 - 0x737d2000 	C:\Windows\system32\dsound.dll
0x74590000 - 0x745b5000 	C:\Windows\system32\POWRPROF.dll
0x744b0000 - 0x744e6000 	C:\Windows\system32\AUDIOSES.DLL
0x06ca0000 - 0x07a61000 	C:\Windows\system32\ig4icd32.dll
0x72f40000 - 0x72fb9000 	C:\Windows\system32\mscms.dll
0x75070000 - 0x75087000 	C:\Windows\system32\USERENV.dll
0x750d0000 - 0x750db000 	C:\Windows\system32\profapi.dll
0x73830000 - 0x73868000 	C:\Windows\system32\icm32.dll

VM Arguments:
jvm_args: -Dfile.encoding=Cp1252 
java_command: com.a7m5.chess.MainMenu
Launcher Type: SUN_STANDARD

Environment Variables:
CLASSPATH=.;C:\Program Files (x86)\Java\jre7\lib\ext\QTJava.zip
PATH=C:/Program Files (x86)/Java/jre7/bin/client;C:/Program Files (x86)/Java/jre7/bin;C:/Program Files (x86)/Java/jre7/lib/i386;C:\Program Files (x86)\NVIDIA Corporation\PhysX\Common;C:\Program Files (x86)\Common Files\Intel\Shared Files\cpp\bin\Intel64;C:\Windows\system32;C:\Windows;C:\Windows\System32\Wbem;C:\Windows\System32\WindowsPowerShell\v1.0\;C:\Program Files (x86)\QuickTime\QTSystem\;C:\CooCox\CoIDE\gcc\bin;C:\Tcl\bin;C:\Program Files (x86)\NVIDIA Corporation\PhysX\Common;C:\Program Files (x86)\Common Files\Intel\Shared Files\cpp\bin\Intel64;C:\Windows\system32;C:\Windows;C:\Windows\System32\Wbem;C:\Windows\System32\WindowsPowerShell\v1.0\;C:\Program Files (x86)\QuickTime\QTSystem\;C:\CooCox\CoIDE\gcc\bin;C:\Users\Peter\Dropbox\eclipse;
USERNAME=Peter
OS=Windows_NT
PROCESSOR_IDENTIFIER=Intel64 Family 6 Model 42 Stepping 7, GenuineIntel



---------------  S Y S T E M  ---------------

OS: Windows 7 , 64 bit Build 7601 Service Pack 1

CPU:total 4 (2 cores per cpu, 2 threads per core) family 6 model 42 stepping 7, cmov, cx8, fxsr, mmx, sse, sse2, sse3, ssse3, sse4.1, sse4.2, popcnt, avx, ht, tsc, tscinvbit

Memory: 4k page, physical 8335216k(4476908k free), swap 16668568k(12131592k free)

vm_info: Java HotSpot(TM) Client VM (24.45-b08) for windows-x86 JRE (1.7.0_45-b18), built on Oct  8 2013 06:02:43 by "java_re" with unknown MS VC++:1600

time: Sat Mar 08 14:45:39 2014
elapsed time: 56 seconds

